#
# There is insufficient memory for the Java Runtime Environment to continue.
# Native memory allocation (malloc) failed to allocate 1374928 bytes. Error detail: Chunk::new
# Possible reasons:
#   The system is out of physical RAM or swap space
#   This process is running with CompressedOops enabled, and the Java Heap may be blocking the growth of the native heap
# Possible solutions:
#   Reduce memory load on the system
#   Increase physical memory or swap space
#   Check if swap backing store is full
#   Decrease Java heap size (-Xmx/-Xms)
#   Decrease number of Java threads
#   Decrease Java thread stack sizes (-Xss)
#   Set larger code cache with -XX:ReservedCodeCacheSize=
#   JVM is running with Unscaled Compressed Oops mode in which the Java heap is
#     placed in the first 4GB address space. The Java Heap base address is the
#     maximum limit for the native heap growth. Please use -XX:HeapBaseMinAddress
#     to set the Java Heap base and to place the Java Heap above 4GB virtual address.
# This output file may be truncated or incomplete.
#
#  Out of Memory Error (arena.cpp:191), pid=7744, tid=4080
#
# JRE version: OpenJDK Runtime Environment (17.0.11) (build 17.0.11+0--11852314)
# Java VM: OpenJDK 64-Bit Server VM (17.0.11+0--11852314, mixed mode, tiered, compressed oops, compressed class ptrs, g1 gc, windows-amd64)
# No core dump will be written. Minidumps are not enabled by default on client versions of Windows
#

---------------  S U M M A R Y ------------

Command Line: org.jetbrains.kotlin.cli.jvm.K2JVMCompiler @C:\Users\richy\AndroidStudioProjects\Darragh_Richy_CA3\app\build\20241204_3213528511810129810.compiler.options

Host: AMD Ryzen 3 5300U with Radeon Graphics         , 8 cores, 7G,  Windows 11 , 64 bit Build 26100 (10.0.26100.2161)
Time: Wed Dec  4 01:37:19 2024 GMT Standard Time elapsed time: 21.423766 seconds (0d 0h 0m 21s)

---------------  T H R E A D  ---------------

Current thread (0x000002c4bb84e570):  JavaThread "C2 CompilerThread2" daemon [_thread_in_native, id=4080, stack(0x000000ed2a300000,0x000000ed2a400000)]


Current CompileTask:
C2:  21423 12580       4       org.jetbrains.kotlin.load.kotlin.TypeSignatureMappingKt::mapBuiltInType (339 bytes)

Stack: [0x000000ed2a300000,0x000000ed2a400000]
Native frames: (J=compiled Java code, j=interpreted, Vv=VM code, C=native code)
V  [jvm.dll+0x687bb9]
V  [jvm.dll+0x84142a]
V  [jvm.dll+0x8430ae]
V  [jvm.dll+0x843713]
V  [jvm.dll+0x24a35f]
V  [jvm.dll+0xac544]
V  [jvm.dll+0xacb8c]
V  [jvm.dll+0x369c37]
V  [jvm.dll+0x33416a]
V  [jvm.dll+0x33360a]
V  [jvm.dll+0x21bed1]
V  [jvm.dll+0x21b311]
V  [jvm.dll+0x1a63ed]
V  [jvm.dll+0x22b1ee]
V  [jvm.dll+0x229375]
V  [jvm.dll+0x7f5647]
V  [jvm.dll+0x7efa4a]
V  [jvm.dll+0x686a35]
C  [ucrtbase.dll+0x14ea0]
C  [KERNEL32.DLL+0x2dbe7]
C  [ntdll.dll+0xdfbec]


---------------  P R O C E S S  ---------------

Threads class SMR info:
_java_thread_list=0x000002c4bedadcc0, length=14, elements={
0x000002c49c83a180, 0x000002c4b689eb80, 0x000002c4b689fce0, 0x000002c4b68a54e0,
0x000002c4b68a7eb0, 0x000002c4b68a8870, 0x000002c4b68a9230, 0x000002c4b6a3ea80,
0x000002c4b6a41b40, 0x000002c4b68ac750, 0x000002c4b6bec540, 0x000002c4b6bf4ea0,
0x000002c4bb84cae0, 0x000002c4bb84e570
}

Java Threads: ( => current thread )
  0x000002c49c83a180 JavaThread "main" [_thread_in_Java, id=13812, stack(0x000000ed28700000,0x000000ed28800000)]
  0x000002c4b689eb80 JavaThread "Reference Handler" daemon [_thread_blocked, id=13576, stack(0x000000ed28e00000,0x000000ed28f00000)]
  0x000002c4b689fce0 JavaThread "Finalizer" daemon [_thread_blocked, id=7052, stack(0x000000ed28f00000,0x000000ed29000000)]
  0x000002c4b68a54e0 JavaThread "Signal Dispatcher" daemon [_thread_blocked, id=17328, stack(0x000000ed29000000,0x000000ed29100000)]
  0x000002c4b68a7eb0 JavaThread "Attach Listener" daemon [_thread_blocked, id=5588, stack(0x000000ed29100000,0x000000ed29200000)]
  0x000002c4b68a8870 JavaThread "Service Thread" daemon [_thread_blocked, id=19740, stack(0x000000ed29200000,0x000000ed29300000)]
  0x000002c4b68a9230 JavaThread "Monitor Deflation Thread" daemon [_thread_blocked, id=5408, stack(0x000000ed29300000,0x000000ed29400000)]
  0x000002c4b6a3ea80 JavaThread "C2 CompilerThread0" daemon [_thread_in_native, id=2364, stack(0x000000ed29400000,0x000000ed29500000)]
  0x000002c4b6a41b40 JavaThread "C1 CompilerThread0" daemon [_thread_in_vm, id=13548, stack(0x000000ed29500000,0x000000ed29600000)]
  0x000002c4b68ac750 JavaThread "Sweeper thread" daemon [_thread_blocked, id=4072, stack(0x000000ed29600000,0x000000ed29700000)]
  0x000002c4b6bec540 JavaThread "Notification Thread" daemon [_thread_blocked, id=3812, stack(0x000000ed29700000,0x000000ed29800000)]
  0x000002c4b6bf4ea0 JavaThread "Common-Cleaner" daemon [_thread_blocked, id=20256, stack(0x000000ed29900000,0x000000ed29a00000)]
  0x000002c4bb84cae0 JavaThread "C2 CompilerThread1" daemon [_thread_in_native, id=11224, stack(0x000000ed29e00000,0x000000ed29f00000)]
=>0x000002c4bb84e570 JavaThread "C2 CompilerThread2" daemon [_thread_in_native, id=4080, stack(0x000000ed2a300000,0x000000ed2a400000)]

Other Threads:
  0x000002c4b69fd9f0 VMThread "VM Thread" [stack: 0x000000ed28d00000,0x000000ed28e00000] [id=11100]
  0x000002c4b6beea30 WatcherThread [stack: 0x000000ed29800000,0x000000ed29900000] [id=3664]
  0x000002c49c8909d0 GCTaskThread "GC Thread#0" [stack: 0x000000ed28800000,0x000000ed28900000] [id=8632]
  0x000002c4bb26cd40 GCTaskThread "GC Thread#1" [stack: 0x000000ed29a00000,0x000000ed29b00000] [id=4468]
  0x000002c4bb39c790 GCTaskThread "GC Thread#2" [stack: 0x000000ed29b00000,0x000000ed29c00000] [id=16748]
  0x000002c4bb39ca50 GCTaskThread "GC Thread#3" [stack: 0x000000ed29c00000,0x000000ed29d00000] [id=15968]
  0x000002c4bb3dc1f0 GCTaskThread "GC Thread#4" [stack: 0x000000ed29d00000,0x000000ed29e00000] [id=19492]
  0x000002c4bbde69c0 GCTaskThread "GC Thread#5" [stack: 0x000000ed29f00000,0x000000ed2a000000] [id=7936]
  0x000002c4bbde6c80 GCTaskThread "GC Thread#6" [stack: 0x000000ed2a000000,0x000000ed2a100000] [id=17756]
  0x000002c4bbb72d10 GCTaskThread "GC Thread#7" [stack: 0x000000ed2a100000,0x000000ed2a200000] [id=19376]
  0x000002c49c8be5e0 ConcurrentGCThread "G1 Main Marker" [stack: 0x000000ed28900000,0x000000ed28a00000] [id=4316]
  0x000002c49c8bf000 ConcurrentGCThread "G1 Conc#0" [stack: 0x000000ed28a00000,0x000000ed28b00000] [id=2700]
  0x000002c4bb9a8000 ConcurrentGCThread "G1 Conc#1" [stack: 0x000000ed2a200000,0x000000ed2a300000] [id=4608]
  0x000002c4b6701730 ConcurrentGCThread "G1 Refine#0" [stack: 0x000000ed28b00000,0x000000ed28c00000] [id=19688]
  0x000002c4bc360de0 ConcurrentGCThread "G1 Refine#1" [stack: 0x000000ed2a400000,0x000000ed2a500000] [id=8576]
  0x000002c4bc4a9e90 ConcurrentGCThread "G1 Refine#2" [stack: 0x000000ed2a500000,0x000000ed2a600000] [id=12488]
  0x000002c4b6702160 ConcurrentGCThread "G1 Service" [stack: 0x000000ed28c00000,0x000000ed28d00000] [id=9440]

Threads with active compile tasks:
C2 CompilerThread0    21457 12344       4       org.jetbrains.kotlin.types.AbstractTypeMapper::mapType (568 bytes)
C1 CompilerThread0    21458 12757       3       org.jetbrains.kotlin.ir.types.IrTypeSystemContext$DefaultImpls::isStarProjection (11 bytes)
C2 CompilerThread1    21458 12570       4       org.jetbrains.kotlin.load.kotlin.DescriptorBasedTypeSignatureMappingKt::mapType (895 bytes)
C2 CompilerThread2    21458 12580       4       org.jetbrains.kotlin.load.kotlin.TypeSignatureMappingKt::mapBuiltInType (339 bytes)

VM state: not at safepoint (normal execution)

VM Mutex/Monitor currently owned by a thread: None

Heap address: 0x000000008ac00000, size: 1876 MB, Compressed Oops mode: 32-bit

CDS archive(s) not mapped
Compressed class space mapped at: 0x0000000100000000-0x0000000140000000, reserved size: 1073741824
Narrow klass base: 0x0000000000000000, Narrow klass shift: 3, Narrow klass range: 0x140000000

GC Precious Log:
 CPUs: 8 total, 8 available
 Memory: 7502M
 Large Page Support: Disabled
 NUMA Support: Disabled
 Compressed Oops: Enabled (32-bit)
 Heap Region Size: 1M
 Heap Min Capacity: 8M
 Heap Initial Capacity: 118M
 Heap Max Capacity: 1876M
 Pre-touch: Disabled
 Parallel Workers: 8
 Concurrent Workers: 2
 Concurrent Refinement Workers: 8
 Periodic GC: Disabled

Heap:
 garbage-first heap   total 138240K, used 102763K [0x000000008ac00000, 0x0000000100000000)
  region size 1024K, 35 young (35840K), 5 survivors (5120K)
 Metaspace       used 86357K, committed 86720K, reserved 1179648K
  class space    used 9665K, committed 9856K, reserved 1048576K

Heap Regions: E=young(eden), S=young(survivor), O=old, HS=humongous(starts), HC=humongous(continues), CS=collection set, F=free, OA=open archive, CA=closed archive, TAMS=top-at-mark-start (previous, next)
|   0|0x000000008ac00000, 0x000000008ad00000, 0x000000008ad00000|100%|HS|  |TAMS 0x000000008ad00000, 0x000000008ac00000| Complete 
|   1|0x000000008ad00000, 0x000000008ae00000, 0x000000008ae00000|100%|HC|  |TAMS 0x000000008ae00000, 0x000000008ad00000| Complete 
|   2|0x000000008ae00000, 0x000000008af00000, 0x000000008af00000|100%|HC|  |TAMS 0x000000008af00000, 0x000000008ae00000| Complete 
|   3|0x000000008af00000, 0x000000008b000000, 0x000000008b000000|100%|HC|  |TAMS 0x000000008b000000, 0x000000008af00000| Complete 
|   4|0x000000008b000000, 0x000000008b100000, 0x000000008b100000|100%| O|  |TAMS 0x000000008b100000, 0x000000008b000000| Untracked 
|   5|0x000000008b100000, 0x000000008b200000, 0x000000008b200000|100%| O|  |TAMS 0x000000008b200000, 0x000000008b100000| Untracked 
|   6|0x000000008b200000, 0x000000008b300000, 0x000000008b300000|100%| O|  |TAMS 0x000000008b300000, 0x000000008b200000| Untracked 
|   7|0x000000008b300000, 0x000000008b400000, 0x000000008b400000|100%| O|  |TAMS 0x000000008b400000, 0x000000008b300000| Untracked 
|   8|0x000000008b400000, 0x000000008b500000, 0x000000008b500000|100%| O|  |TAMS 0x000000008b500000, 0x000000008b400000| Untracked 
|   9|0x000000008b500000, 0x000000008b600000, 0x000000008b600000|100%| O|  |TAMS 0x000000008b500000, 0x000000008b500000| Untracked 
|  10|0x000000008b600000, 0x000000008b700000, 0x000000008b700000|100%| O|  |TAMS 0x000000008b700000, 0x000000008b600000| Untracked 
|  11|0x000000008b700000, 0x000000008b800000, 0x000000008b800000|100%| O|  |TAMS 0x000000008b800000, 0x000000008b700000| Untracked 
|  12|0x000000008b800000, 0x000000008b900000, 0x000000008b900000|100%| O|  |TAMS 0x000000008b900000, 0x000000008b800000| Untracked 
|  13|0x000000008b900000, 0x000000008ba00000, 0x000000008ba00000|100%| O|  |TAMS 0x000000008ba00000, 0x000000008b900000| Untracked 
|  14|0x000000008ba00000, 0x000000008bb00000, 0x000000008bb00000|100%| O|  |TAMS 0x000000008bb00000, 0x000000008ba00000| Untracked 
|  15|0x000000008bb00000, 0x000000008bc00000, 0x000000008bc00000|100%| O|  |TAMS 0x000000008bc00000, 0x000000008bb00000| Untracked 
|  16|0x000000008bc00000, 0x000000008bd00000, 0x000000008bd00000|100%| O|  |TAMS 0x000000008bd00000, 0x000000008bc00000| Untracked 
|  17|0x000000008bd00000, 0x000000008be00000, 0x000000008be00000|100%| O|  |TAMS 0x000000008be00000, 0x000000008bd00000| Untracked 
|  18|0x000000008be00000, 0x000000008bf00000, 0x000000008bf00000|100%| O|  |TAMS 0x000000008bf00000, 0x000000008be00000| Untracked 
|  19|0x000000008bf00000, 0x000000008c000000, 0x000000008c000000|100%| O|  |TAMS 0x000000008c000000, 0x000000008bf00000| Untracked 
|  20|0x000000008c000000, 0x000000008c100000, 0x000000008c100000|100%| O|  |TAMS 0x000000008c100000, 0x000000008c000000| Untracked 
|  21|0x000000008c100000, 0x000000008c200000, 0x000000008c200000|100%| O|  |TAMS 0x000000008c100000, 0x000000008c100000| Untracked 
|  22|0x000000008c200000, 0x000000008c300000, 0x000000008c300000|100%| O|  |TAMS 0x000000008c300000, 0x000000008c200000| Untracked 
|  23|0x000000008c300000, 0x000000008c400000, 0x000000008c400000|100%| O|  |TAMS 0x000000008c400000, 0x000000008c300000| Untracked 
|  24|0x000000008c400000, 0x000000008c500000, 0x000000008c500000|100%| O|  |TAMS 0x000000008c500000, 0x000000008c400000| Untracked 
|  25|0x000000008c500000, 0x000000008c600000, 0x000000008c600000|100%|HS|  |TAMS 0x000000008c600000, 0x000000008c500000| Complete 
|  26|0x000000008c600000, 0x000000008c700000, 0x000000008c700000|100%|HC|  |TAMS 0x000000008c700000, 0x000000008c600000| Complete 
|  27|0x000000008c700000, 0x000000008c800000, 0x000000008c800000|100%| O|  |TAMS 0x000000008c800000, 0x000000008c700000| Untracked 
|  28|0x000000008c800000, 0x000000008c900000, 0x000000008c900000|100%| O|  |TAMS 0x000000008c900000, 0x000000008c800000| Untracked 
|  29|0x000000008c900000, 0x000000008ca00000, 0x000000008ca00000|100%| O|  |TAMS 0x000000008ca00000, 0x000000008c900000| Untracked 
|  30|0x000000008ca00000, 0x000000008cb00000, 0x000000008cb00000|100%| O|  |TAMS 0x000000008cb00000, 0x000000008ca00000| Untracked 
|  31|0x000000008cb00000, 0x000000008cc00000, 0x000000008cc00000|100%| O|  |TAMS 0x000000008cc00000, 0x000000008cb00000| Untracked 
|  32|0x000000008cc00000, 0x000000008cd00000, 0x000000008cd00000|100%| O|  |TAMS 0x000000008cd00000, 0x000000008cc00000| Untracked 
|  33|0x000000008cd00000, 0x000000008ce00000, 0x000000008ce00000|100%| O|  |TAMS 0x000000008ce00000, 0x000000008cd00000| Untracked 
|  34|0x000000008ce00000, 0x000000008cf00000, 0x000000008cf00000|100%| O|  |TAMS 0x000000008cf00000, 0x000000008ce00000| Untracked 
|  35|0x000000008cf00000, 0x000000008d000000, 0x000000008d000000|100%| O|  |TAMS 0x000000008d000000, 0x000000008cf00000| Untracked 
|  36|0x000000008d000000, 0x000000008d100000, 0x000000008d100000|100%| O|  |TAMS 0x000000008d100000, 0x000000008d000000| Untracked 
|  37|0x000000008d100000, 0x000000008d200000, 0x000000008d200000|100%| O|  |TAMS 0x000000008d200000, 0x000000008d100000| Untracked 
|  38|0x000000008d200000, 0x000000008d300000, 0x000000008d300000|100%| O|  |TAMS 0x000000008d300000, 0x000000008d200000| Untracked 
|  39|0x000000008d300000, 0x000000008d400000, 0x000000008d400000|100%| O|  |TAMS 0x000000008d400000, 0x000000008d300000| Untracked 
|  40|0x000000008d400000, 0x000000008d500000, 0x000000008d500000|100%| O|  |TAMS 0x000000008d500000, 0x000000008d400000| Untracked 
|  41|0x000000008d500000, 0x000000008d600000, 0x000000008d600000|100%| O|  |TAMS 0x000000008d600000, 0x000000008d500000| Untracked 
|  42|0x000000008d600000, 0x000000008d700000, 0x000000008d700000|100%| O|  |TAMS 0x000000008d700000, 0x000000008d600000| Untracked 
|  43|0x000000008d700000, 0x000000008d800000, 0x000000008d800000|100%| O|  |TAMS 0x000000008d7d2200, 0x000000008d700000| Untracked 
|  44|0x000000008d800000, 0x000000008d900000, 0x000000008d900000|100%| O|  |TAMS 0x000000008d800000, 0x000000008d800000| Untracked 
|  45|0x000000008d900000, 0x000000008da00000, 0x000000008da00000|100%| O|  |TAMS 0x000000008d900000, 0x000000008d900000| Untracked 
|  46|0x000000008da00000, 0x000000008db00000, 0x000000008db00000|100%| O|  |TAMS 0x000000008da00000, 0x000000008da00000| Untracked 
|  47|0x000000008db00000, 0x000000008dc00000, 0x000000008dc00000|100%| O|  |TAMS 0x000000008db00000, 0x000000008db00000| Untracked 
|  48|0x000000008dc00000, 0x000000008dd00000, 0x000000008dd00000|100%| O|  |TAMS 0x000000008dc00000, 0x000000008dc00000| Untracked 
|  49|0x000000008dd00000, 0x000000008de00000, 0x000000008de00000|100%| O|  |TAMS 0x000000008dd00000, 0x000000008dd00000| Untracked 
|  50|0x000000008de00000, 0x000000008df00000, 0x000000008df00000|100%| O|  |TAMS 0x000000008de00000, 0x000000008de00000| Untracked 
|  51|0x000000008df00000, 0x000000008e000000, 0x000000008e000000|100%| O|  |TAMS 0x000000008df00000, 0x000000008df00000| Untracked 
|  52|0x000000008e000000, 0x000000008e100000, 0x000000008e100000|100%| O|  |TAMS 0x000000008e000000, 0x000000008e000000| Untracked 
|  53|0x000000008e100000, 0x000000008e200000, 0x000000008e200000|100%| O|  |TAMS 0x000000008e100000, 0x000000008e100000| Untracked 
|  54|0x000000008e200000, 0x000000008e300000, 0x000000008e300000|100%| O|  |TAMS 0x000000008e200000, 0x000000008e200000| Untracked 
|  55|0x000000008e300000, 0x000000008e400000, 0x000000008e400000|100%| O|  |TAMS 0x000000008e300000, 0x000000008e300000| Untracked 
|  56|0x000000008e400000, 0x000000008e500000, 0x000000008e500000|100%| O|  |TAMS 0x000000008e400000, 0x000000008e400000| Untracked 
|  57|0x000000008e500000, 0x000000008e600000, 0x000000008e600000|100%| O|  |TAMS 0x000000008e500000, 0x000000008e500000| Untracked 
|  58|0x000000008e600000, 0x000000008e700000, 0x000000008e700000|100%| O|  |TAMS 0x000000008e600000, 0x000000008e600000| Untracked 
|  59|0x000000008e700000, 0x000000008e800000, 0x000000008e800000|100%| O|  |TAMS 0x000000008e700000, 0x000000008e700000| Untracked 
|  60|0x000000008e800000, 0x000000008e900000, 0x000000008e900000|100%| O|  |TAMS 0x000000008e800000, 0x000000008e800000| Untracked 
|  61|0x000000008e900000, 0x000000008ea00000, 0x000000008ea00000|100%| O|  |TAMS 0x000000008e900000, 0x000000008e900000| Untracked 
|  62|0x000000008ea00000, 0x000000008eb00000, 0x000000008eb00000|100%| O|  |TAMS 0x000000008ea00000, 0x000000008ea00000| Untracked 
|  63|0x000000008eb00000, 0x000000008ec00000, 0x000000008ec00000|100%| O|  |TAMS 0x000000008eb00000, 0x000000008eb00000| Untracked 
|  64|0x000000008ec00000, 0x000000008ed00000, 0x000000008ed00000|100%| O|  |TAMS 0x000000008ec00000, 0x000000008ec00000| Untracked 
|  65|0x000000008ed00000, 0x000000008ee00000, 0x000000008ee00000|100%| O|  |TAMS 0x000000008ed00000, 0x000000008ed00000| Untracked 
|  66|0x000000008ee00000, 0x000000008eec4400, 0x000000008ef00000| 76%| O|  |TAMS 0x000000008ee00000, 0x000000008ee00000| Untracked 
|  67|0x000000008ef00000, 0x000000008ef00000, 0x000000008f000000|  0%| F|  |TAMS 0x000000008ef00000, 0x000000008ef00000| Untracked 
|  68|0x000000008f000000, 0x000000008f000000, 0x000000008f100000|  0%| F|  |TAMS 0x000000008f000000, 0x000000008f000000| Untracked 
|  69|0x000000008f100000, 0x000000008f100000, 0x000000008f200000|  0%| F|  |TAMS 0x000000008f100000, 0x000000008f100000| Untracked 
|  70|0x000000008f200000, 0x000000008f200000, 0x000000008f300000|  0%| F|  |TAMS 0x000000008f200000, 0x000000008f200000| Untracked 
|  71|0x000000008f300000, 0x000000008f300000, 0x000000008f400000|  0%| F|  |TAMS 0x000000008f300000, 0x000000008f300000| Untracked 
|  72|0x000000008f400000, 0x000000008f400000, 0x000000008f500000|  0%| F|  |TAMS 0x000000008f400000, 0x000000008f400000| Untracked 
|  73|0x000000008f500000, 0x000000008f500000, 0x000000008f600000|  0%| F|  |TAMS 0x000000008f500000, 0x000000008f500000| Untracked 
|  74|0x000000008f600000, 0x000000008f600000, 0x000000008f700000|  0%| F|  |TAMS 0x000000008f600000, 0x000000008f600000| Untracked 
|  75|0x000000008f700000, 0x000000008f700000, 0x000000008f800000|  0%| F|  |TAMS 0x000000008f700000, 0x000000008f700000| Untracked 
|  76|0x000000008f800000, 0x000000008f800000, 0x000000008f900000|  0%| F|  |TAMS 0x000000008f800000, 0x000000008f800000| Untracked 
|  77|0x000000008f900000, 0x000000008f900000, 0x000000008fa00000|  0%| F|  |TAMS 0x000000008f900000, 0x000000008f900000| Untracked 
|  78|0x000000008fa00000, 0x000000008fa00000, 0x000000008fb00000|  0%| F|  |TAMS 0x000000008fa00000, 0x000000008fa00000| Untracked 
|  79|0x000000008fb00000, 0x000000008fb00000, 0x000000008fc00000|  0%| F|  |TAMS 0x000000008fb00000, 0x000000008fb00000| Untracked 
|  80|0x000000008fc00000, 0x000000008fc00000, 0x000000008fd00000|  0%| F|  |TAMS 0x000000008fc00000, 0x000000008fc00000| Untracked 
|  81|0x000000008fd00000, 0x000000008fd00000, 0x000000008fe00000|  0%| F|  |TAMS 0x000000008fd00000, 0x000000008fd00000| Untracked 
|  82|0x000000008fe00000, 0x000000008fe00000, 0x000000008ff00000|  0%| F|  |TAMS 0x000000008fe00000, 0x000000008fe00000| Untracked 
|  83|0x000000008ff00000, 0x000000008ff00000, 0x0000000090000000|  0%| F|  |TAMS 0x000000008ff00000, 0x000000008ff00000| Untracked 
|  84|0x0000000090000000, 0x0000000090000000, 0x0000000090100000|  0%| F|  |TAMS 0x0000000090000000, 0x0000000090000000| Untracked 
|  85|0x0000000090100000, 0x0000000090100000, 0x0000000090200000|  0%| F|  |TAMS 0x0000000090100000, 0x0000000090100000| Untracked 
|  86|0x0000000090200000, 0x0000000090200000, 0x0000000090300000|  0%| F|  |TAMS 0x0000000090200000, 0x0000000090200000| Untracked 
|  87|0x0000000090300000, 0x0000000090396b00, 0x0000000090400000| 58%| S|CS|TAMS 0x0000000090300000, 0x0000000090300000| Complete 
|  88|0x0000000090400000, 0x0000000090500000, 0x0000000090500000|100%| S|CS|TAMS 0x0000000090400000, 0x0000000090400000| Complete 
|  89|0x0000000090500000, 0x0000000090600000, 0x0000000090600000|100%| S|CS|TAMS 0x0000000090500000, 0x0000000090500000| Complete 
|  90|0x0000000090600000, 0x0000000090600000, 0x0000000090700000|  0%| F|  |TAMS 0x0000000090600000, 0x0000000090600000| Untracked 
|  91|0x0000000090700000, 0x0000000090700000, 0x0000000090800000|  0%| F|  |TAMS 0x0000000090700000, 0x0000000090700000| Untracked 
|  92|0x0000000090800000, 0x0000000090800000, 0x0000000090900000|  0%| F|  |TAMS 0x0000000090800000, 0x0000000090800000| Untracked 
|  93|0x0000000090900000, 0x0000000090900000, 0x0000000090a00000|  0%| F|  |TAMS 0x0000000090900000, 0x0000000090900000| Untracked 
|  94|0x0000000090a00000, 0x0000000090a00000, 0x0000000090b00000|  0%| F|  |TAMS 0x0000000090a00000, 0x0000000090a00000| Untracked 
|  95|0x0000000090b00000, 0x0000000090c00000, 0x0000000090c00000|100%| S|CS|TAMS 0x0000000090b00000, 0x0000000090b00000| Complete 
|  96|0x0000000090c00000, 0x0000000090d00000, 0x0000000090d00000|100%| S|CS|TAMS 0x0000000090c00000, 0x0000000090c00000| Complete 
|  97|0x0000000090d00000, 0x0000000090d00000, 0x0000000090e00000|  0%| F|  |TAMS 0x0000000090d00000, 0x0000000090d00000| Untracked 
|  98|0x0000000090e00000, 0x0000000090e00000, 0x0000000090f00000|  0%| F|  |TAMS 0x0000000090e00000, 0x0000000090e00000| Untracked 
|  99|0x0000000090f00000, 0x0000000090f00000, 0x0000000091000000|  0%| F|  |TAMS 0x0000000090f00000, 0x0000000090f00000| Untracked 
| 100|0x0000000091000000, 0x0000000091000000, 0x0000000091100000|  0%| F|  |TAMS 0x0000000091000000, 0x0000000091000000| Untracked 
| 101|0x0000000091100000, 0x0000000091100000, 0x0000000091200000|  0%| F|  |TAMS 0x0000000091100000, 0x0000000091100000| Untracked 
| 102|0x0000000091200000, 0x0000000091200000, 0x0000000091300000|  0%| F|  |TAMS 0x0000000091200000, 0x0000000091200000| Untracked 
| 103|0x0000000091300000, 0x0000000091300000, 0x0000000091400000|  0%| F|  |TAMS 0x0000000091300000, 0x0000000091300000| Untracked 
| 104|0x0000000091400000, 0x0000000091400000, 0x0000000091500000|  0%| F|  |TAMS 0x0000000091400000, 0x0000000091400000| Untracked 
| 105|0x0000000091500000, 0x0000000091580800, 0x0000000091600000| 50%| E|  |TAMS 0x0000000091500000, 0x0000000091500000| Complete 
| 106|0x0000000091600000, 0x0000000091700000, 0x0000000091700000|100%| E|CS|TAMS 0x0000000091600000, 0x0000000091600000| Complete 
| 107|0x0000000091700000, 0x0000000091800000, 0x0000000091800000|100%| E|CS|TAMS 0x0000000091700000, 0x0000000091700000| Complete 
| 108|0x0000000091800000, 0x0000000091900000, 0x0000000091900000|100%| E|CS|TAMS 0x0000000091800000, 0x0000000091800000| Complete 
| 109|0x0000000091900000, 0x0000000091a00000, 0x0000000091a00000|100%| E|CS|TAMS 0x0000000091900000, 0x0000000091900000| Complete 
| 110|0x0000000091a00000, 0x0000000091b00000, 0x0000000091b00000|100%| E|CS|TAMS 0x0000000091a00000, 0x0000000091a00000| Complete 
| 111|0x0000000091b00000, 0x0000000091c00000, 0x0000000091c00000|100%| E|CS|TAMS 0x0000000091b00000, 0x0000000091b00000| Complete 
| 112|0x0000000091c00000, 0x0000000091d00000, 0x0000000091d00000|100%| E|CS|TAMS 0x0000000091c00000, 0x0000000091c00000| Complete 
| 113|0x0000000091d00000, 0x0000000091e00000, 0x0000000091e00000|100%| E|CS|TAMS 0x0000000091d00000, 0x0000000091d00000| Complete 
| 114|0x0000000091e00000, 0x0000000091f00000, 0x0000000091f00000|100%| E|CS|TAMS 0x0000000091e00000, 0x0000000091e00000| Complete 
| 115|0x0000000091f00000, 0x0000000092000000, 0x0000000092000000|100%| E|CS|TAMS 0x0000000091f00000, 0x0000000091f00000| Complete 
| 116|0x0000000092000000, 0x0000000092100000, 0x0000000092100000|100%| E|CS|TAMS 0x0000000092000000, 0x0000000092000000| Complete 
| 117|0x0000000092100000, 0x0000000092200000, 0x0000000092200000|100%| E|CS|TAMS 0x0000000092100000, 0x0000000092100000| Complete 
| 118|0x0000000092200000, 0x0000000092300000, 0x0000000092300000|100%| E|CS|TAMS 0x0000000092200000, 0x0000000092200000| Complete 
| 119|0x0000000092300000, 0x0000000092400000, 0x0000000092400000|100%| E|CS|TAMS 0x0000000092300000, 0x0000000092300000| Complete 
| 120|0x0000000092400000, 0x0000000092500000, 0x0000000092500000|100%| E|CS|TAMS 0x0000000092400000, 0x0000000092400000| Complete 
| 121|0x0000000092500000, 0x0000000092600000, 0x0000000092600000|100%| E|CS|TAMS 0x0000000092500000, 0x0000000092500000| Complete 
| 122|0x0000000092600000, 0x0000000092700000, 0x0000000092700000|100%| E|CS|TAMS 0x0000000092600000, 0x0000000092600000| Complete 
| 123|0x0000000092700000, 0x0000000092800000, 0x0000000092800000|100%| E|CS|TAMS 0x0000000092700000, 0x0000000092700000| Complete 
| 124|0x0000000092800000, 0x0000000092900000, 0x0000000092900000|100%| E|CS|TAMS 0x0000000092800000, 0x0000000092800000| Complete 
| 125|0x0000000092900000, 0x0000000092a00000, 0x0000000092a00000|100%| E|CS|TAMS 0x0000000092900000, 0x0000000092900000| Complete 
| 126|0x0000000092a00000, 0x0000000092b00000, 0x0000000092b00000|100%| E|CS|TAMS 0x0000000092a00000, 0x0000000092a00000| Complete 
| 127|0x0000000092b00000, 0x0000000092c00000, 0x0000000092c00000|100%| E|CS|TAMS 0x0000000092b00000, 0x0000000092b00000| Complete 
| 128|0x0000000092c00000, 0x0000000092d00000, 0x0000000092d00000|100%| E|CS|TAMS 0x0000000092c00000, 0x0000000092c00000| Complete 
| 129|0x0000000092d00000, 0x0000000092e00000, 0x0000000092e00000|100%| E|CS|TAMS 0x0000000092d00000, 0x0000000092d00000| Complete 
| 130|0x0000000092e00000, 0x0000000092f00000, 0x0000000092f00000|100%| E|CS|TAMS 0x0000000092e00000, 0x0000000092e00000| Complete 
| 131|0x0000000092f00000, 0x0000000093000000, 0x0000000093000000|100%| E|CS|TAMS 0x0000000092f00000, 0x0000000092f00000| Complete 
| 132|0x0000000093000000, 0x0000000093100000, 0x0000000093100000|100%| E|CS|TAMS 0x0000000093000000, 0x0000000093000000| Complete 
| 133|0x0000000093100000, 0x0000000093200000, 0x0000000093200000|100%| E|CS|TAMS 0x0000000093100000, 0x0000000093100000| Complete 
| 134|0x0000000093200000, 0x0000000093300000, 0x0000000093300000|100%| E|CS|TAMS 0x0000000093200000, 0x0000000093200000| Complete 

Card table byte_map: [0x000002c4afba0000,0x000002c4aff50000] _byte_map_base: 0x000002c4af74a000

Marking Bits (Prev, Next): (CMBitMap*) 0x000002c49c892000, (CMBitMap*) 0x000002c49c892040
 Prev Bits: [0x000002c4b0300000, 0x000002c4b2050000)
 Next Bits: [0x000002c4b2050000, 0x000002c4b3da0000)

Polling page: 0x000002c49c8f0000

Metaspace:

Usage:
  Non-class:     74.89 MB used.
      Class:      9.44 MB used.
       Both:     84.33 MB used.

Virtual space:
  Non-class space:      128.00 MB reserved,      75.06 MB ( 59%) committed,  2 nodes.
      Class space:        1.00 GB reserved,       9.62 MB ( <1%) committed,  1 nodes.
             Both:        1.12 GB reserved,      84.69 MB (  7%) committed. 

Chunk freelists:
   Non-Class:  4.94 MB
       Class:  6.33 MB
        Both:  11.27 MB

MaxMetaspaceSize: unlimited
CompressedClassSpaceSize: 1.00 GB
Initial GC threshold: 21.00 MB
Current GC threshold: 97.75 MB
CDS: off
MetaspaceReclaimPolicy: balanced
 - commit_granule_bytes: 65536.
 - commit_granule_words: 8192.
 - virtual_space_node_default_size: 8388608.
 - enlarge_chunks_in_place: 1.
 - new_chunks_are_fully_committed: 0.
 - uncommit_free_chunks: 1.
 - use_allocation_guard: 0.
 - handle_deallocations: 1.


Internal statistics:

num_allocs_failed_limit: 6.
num_arena_births: 444.
num_arena_deaths: 0.
num_vsnodes_births: 3.
num_vsnodes_deaths: 0.
num_space_committed: 1353.
num_space_uncommitted: 0.
num_chunks_returned_to_freelist: 6.
num_chunks_taken_from_freelist: 3219.
num_chunk_merges: 3.
num_chunk_splits: 2646.
num_chunks_enlarged: 2328.
num_inconsistent_stats: 0.

CodeHeap 'non-profiled nmethods': size=120000Kb used=5460Kb max_used=5460Kb free=114539Kb
 bounds [0x000002c4a7860000, 0x000002c4a7dc0000, 0x000002c4aed90000]
CodeHeap 'profiled nmethods': size=120000Kb used=31390Kb max_used=31390Kb free=88609Kb
 bounds [0x000002c49fd90000, 0x000002c4a1c40000, 0x000002c4a72c0000]
CodeHeap 'non-nmethods': size=5760Kb used=1415Kb max_used=1462Kb free=4344Kb
 bounds [0x000002c4a72c0000, 0x000002c4a7530000, 0x000002c4a7860000]
 total_blobs=11750 nmethods=11005 adapters=652
 compilation: enabled
              stopped_count=0, restarted_count=0
 full_count=0

Compilation events (20 events):
Event: 21.406 Thread 0x000002c4b6a41b40 12718       1       org.jetbrains.kotlin.ir.expressions.impl.IrReturnImpl::getStartOffset (5 bytes)
Event: 21.406 Thread 0x000002c4b6a41b40 nmethod 12718 0x000002c4a7db3710 code [0x000002c4a7db38a0, 0x000002c4a7db3978]
Event: 21.406 Thread 0x000002c4b6a41b40 12719       1       org.jetbrains.kotlin.backend.jvm.codegen.ClassCodegen::getIrClass (5 bytes)
Event: 21.406 Thread 0x000002c4b6a41b40 nmethod 12719 0x000002c4a7db3a10 code [0x000002c4a7db3ba0, 0x000002c4a7db3c78]
Event: 21.408 Thread 0x000002c4b6a41b40 12721       3       org.jetbrains.kotlin.codegen.optimization.boxing.BoxingInterpreterKt::isNextMethodCallOfProgressionIterator (84 bytes)
Event: 21.410 Thread 0x000002c4b6a41b40 nmethod 12721 0x000002c4a1c12310 code [0x000002c4a1c12680, 0x000002c4a1c13d08]
Event: 21.410 Thread 0x000002c4b6a41b40 12722       3       org.jetbrains.kotlin.codegen.optimization.ConstantConditionEliminationMethodTransformer$IConstValue::equals (32 bytes)
Event: 21.411 Thread 0x000002c4b6a41b40 nmethod 12722 0x000002c4a1c14390 code [0x000002c4a1c14540, 0x000002c4a1c148f8]
Event: 21.413 Thread 0x000002c4b6a41b40 12723       3       org.jetbrains.org.objectweb.asm.tree.MethodNode::accept (874 bytes)
Event: 21.418 Thread 0x000002c4b6a41b40 nmethod 12723 0x000002c4a1c14a10 code [0x000002c4a1c15100, 0x000002c4a1c19a08]
Event: 21.418 Thread 0x000002c4b6a41b40 12724       3       org.jetbrains.org.objectweb.asm.MethodWriter::addSuccessorToCurrentBasicBlock (24 bytes)
Event: 21.419 Thread 0x000002c4b6a41b40 nmethod 12724 0x000002c4a1c1af10 code [0x000002c4a1c1b0c0, 0x000002c4a1c1b418]
Event: 21.419 Thread 0x000002c4b6a41b40 12728       3       org.jetbrains.org.objectweb.asm.commons.InstructionAdapter::invokestatic (49 bytes)
Event: 21.419 Thread 0x000002c4b6a41b40 nmethod 12728 0x000002c4a1c1b590 code [0x000002c4a1c1b760, 0x000002c4a1c1bb68]
Event: 21.419 Thread 0x000002c4b6a41b40 12725       3       kotlin.collections.builders.ListBuilder$Itr::next (60 bytes)
Event: 21.420 Thread 0x000002c4b6a41b40 nmethod 12725 0x000002c4a1c1bc90 code [0x000002c4a1c1be40, 0x000002c4a1c1c0c8]
Event: 21.420 Thread 0x000002c4b6a41b40 12726       1       org.jetbrains.kotlin.ir.expressions.impl.IrGetEnumValueImpl::getSymbol (5 bytes)
Event: 21.420 Thread 0x000002c4b6a41b40 nmethod 12726 0x000002c4a7db3d10 code [0x000002c4a7db3ea0, 0x000002c4a7db3f78]
Event: 21.420 Thread 0x000002c4b6a41b40 12727       1       org.jetbrains.kotlin.ir.declarations.lazy.IrLazyEnumEntryImpl::getName (5 bytes)
Event: 21.420 Thread 0x000002c4b6a41b40 nmethod 12727 0x000002c4a7db4010 code [0x000002c4a7db41a0, 0x000002c4a7db4278]

GC Heap History (20 events):
Event: 9.302 GC heap before
{Heap before GC invocations=15 (full 0):
 garbage-first heap   total 72704K, used 56904K [0x000000008ac00000, 0x0000000100000000)
  region size 1024K, 21 young (21504K), 3 survivors (3072K)
 Metaspace       used 56403K, committed 56640K, reserved 1114112K
  class space    used 6709K, committed 6784K, reserved 1048576K
}
Event: 9.327 GC heap after
{Heap after GC invocations=16 (full 0):
 garbage-first heap   total 88064K, used 41481K [0x000000008ac00000, 0x0000000100000000)
  region size 1024K, 3 young (3072K), 3 survivors (3072K)
 Metaspace       used 56403K, committed 56640K, reserved 1114112K
  class space    used 6709K, committed 6784K, reserved 1048576K
}
Event: 10.592 GC heap before
{Heap before GC invocations=17 (full 0):
 garbage-first heap   total 88064K, used 66057K [0x000000008ac00000, 0x0000000100000000)
  region size 1024K, 27 young (27648K), 3 survivors (3072K)
 Metaspace       used 58414K, committed 58688K, reserved 1114112K
  class space    used 6988K, committed 7104K, reserved 1048576K
}
Event: 10.611 GC heap after
{Heap after GC invocations=18 (full 0):
 garbage-first heap   total 88064K, used 44659K [0x000000008ac00000, 0x0000000100000000)
  region size 1024K, 3 young (3072K), 3 survivors (3072K)
 Metaspace       used 58414K, committed 58688K, reserved 1114112K
  class space    used 6988K, committed 7104K, reserved 1048576K
}
Event: 10.664 GC heap before
{Heap before GC invocations=18 (full 0):
 garbage-first heap   total 88064K, used 45683K [0x000000008ac00000, 0x0000000100000000)
  region size 1024K, 4 young (4096K), 3 survivors (3072K)
 Metaspace       used 58474K, committed 58752K, reserved 1114112K
  class space    used 6995K, committed 7104K, reserved 1048576K
}
Event: 10.674 GC heap after
{Heap after GC invocations=19 (full 0):
 garbage-first heap   total 88064K, used 44411K [0x000000008ac00000, 0x0000000100000000)
  region size 1024K, 1 young (1024K), 1 survivors (1024K)
 Metaspace       used 58474K, committed 58752K, reserved 1114112K
  class space    used 6995K, committed 7104K, reserved 1048576K
}
Event: 11.594 GC heap before
{Heap before GC invocations=19 (full 0):
 garbage-first heap   total 88064K, used 67963K [0x000000008ac00000, 0x0000000100000000)
  region size 1024K, 24 young (24576K), 1 survivors (1024K)
 Metaspace       used 59685K, committed 59904K, reserved 1114112K
  class space    used 7097K, committed 7168K, reserved 1048576K
}
Event: 11.609 GC heap after
{Heap after GC invocations=20 (full 0):
 garbage-first heap   total 88064K, used 47997K [0x000000008ac00000, 0x0000000100000000)
  region size 1024K, 3 young (3072K), 3 survivors (3072K)
 Metaspace       used 59685K, committed 59904K, reserved 1114112K
  class space    used 7097K, committed 7168K, reserved 1048576K
}
Event: 12.455 GC heap before
{Heap before GC invocations=21 (full 0):
 garbage-first heap   total 88064K, used 67453K [0x000000008ac00000, 0x0000000100000000)
  region size 1024K, 23 young (23552K), 3 survivors (3072K)
 Metaspace       used 60522K, committed 60864K, reserved 1114112K
  class space    used 7174K, committed 7360K, reserved 1048576K
}
Event: 12.474 GC heap after
{Heap after GC invocations=22 (full 0):
 garbage-first heap   total 88064K, used 52006K [0x000000008ac00000, 0x0000000100000000)
  region size 1024K, 3 young (3072K), 3 survivors (3072K)
 Metaspace       used 60522K, committed 60864K, reserved 1114112K
  class space    used 7174K, committed 7360K, reserved 1048576K
}
Event: 12.477 GC heap before
{Heap before GC invocations=22 (full 0):
 garbage-first heap   total 88064K, used 53030K [0x000000008ac00000, 0x0000000100000000)
  region size 1024K, 4 young (4096K), 3 survivors (3072K)
 Metaspace       used 60522K, committed 60864K, reserved 1114112K
  class space    used 7174K, committed 7360K, reserved 1048576K
}
Event: 12.487 GC heap after
{Heap after GC invocations=23 (full 0):
 garbage-first heap   total 138240K, used 51971K [0x000000008ac00000, 0x0000000100000000)
  region size 1024K, 1 young (1024K), 1 survivors (1024K)
 Metaspace       used 60522K, committed 60864K, reserved 1114112K
  class space    used 7174K, committed 7360K, reserved 1048576K
}
Event: 14.921 GC heap before
{Heap before GC invocations=23 (full 0):
 garbage-first heap   total 138240K, used 102147K [0x000000008ac00000, 0x0000000100000000)
  region size 1024K, 50 young (51200K), 1 survivors (1024K)
 Metaspace       used 66473K, committed 66816K, reserved 1114112K
  class space    used 7692K, committed 7872K, reserved 1048576K
}
Event: 14.936 GC heap after
{Heap after GC invocations=24 (full 0):
 garbage-first heap   total 138240K, used 56371K [0x000000008ac00000, 0x0000000100000000)
  region size 1024K, 5 young (5120K), 5 survivors (5120K)
 Metaspace       used 66473K, committed 66816K, reserved 1114112K
  class space    used 7692K, committed 7872K, reserved 1048576K
}
Event: 16.950 GC heap before
{Heap before GC invocations=24 (full 0):
 garbage-first heap   total 138240K, used 102451K [0x000000008ac00000, 0x0000000100000000)
  region size 1024K, 50 young (51200K), 5 survivors (5120K)
 Metaspace       used 70998K, committed 71360K, reserved 1114112K
  class space    used 8195K, committed 8384K, reserved 1048576K
}
Event: 16.975 GC heap after
{Heap after GC invocations=25 (full 0):
 garbage-first heap   total 138240K, used 63585K [0x000000008ac00000, 0x0000000100000000)
  region size 1024K, 7 young (7168K), 7 survivors (7168K)
 Metaspace       used 70998K, committed 71360K, reserved 1114112K
  class space    used 8195K, committed 8384K, reserved 1048576K
}
Event: 18.486 GC heap before
{Heap before GC invocations=25 (full 0):
 garbage-first heap   total 138240K, used 104545K [0x000000008ac00000, 0x0000000100000000)
  region size 1024K, 47 young (48128K), 7 survivors (7168K)
 Metaspace       used 76714K, committed 77120K, reserved 1179648K
  class space    used 8832K, committed 9024K, reserved 1048576K
}
Event: 18.508 GC heap after
{Heap after GC invocations=26 (full 0):
 garbage-first heap   total 138240K, used 68231K [0x000000008ac00000, 0x0000000100000000)
  region size 1024K, 5 young (5120K), 5 survivors (5120K)
 Metaspace       used 76714K, committed 77120K, reserved 1179648K
  class space    used 8832K, committed 9024K, reserved 1048576K
}
Event: 20.051 GC heap before
{Heap before GC invocations=26 (full 0):
 garbage-first heap   total 138240K, used 107143K [0x000000008ac00000, 0x0000000100000000)
  region size 1024K, 43 young (44032K), 5 survivors (5120K)
 Metaspace       used 82528K, committed 82944K, reserved 1179648K
  class space    used 9356K, committed 9536K, reserved 1048576K
}
Event: 20.073 GC heap after
{Heap after GC invocations=27 (full 0):
 garbage-first heap   total 138240K, used 73067K [0x000000008ac00000, 0x0000000100000000)
  region size 1024K, 5 young (5120K), 5 survivors (5120K)
 Metaspace       used 82528K, committed 82944K, reserved 1179648K
  class space    used 9356K, committed 9536K, reserved 1048576K
}

Dll operation events (2 events):
Event: 0.018 Loaded shared library C:\Users\richy\Music\MOBile Class\jbr\bin\java.dll
Event: 2.793 Loaded shared library C:\Users\richy\Music\MOBile Class\jbr\bin\verify.dll

Deoptimization events (20 events):
Event: 21.187 Thread 0x000002c49c83a180 Uncommon trap: trap_request=0xffffffc6 fr.pc=0x000002c4a7d2ad70 relative=0x0000000000004530
Event: 21.187 Thread 0x000002c49c83a180 Uncommon trap: reason=bimorphic_or_optimized_type_check action=maybe_recompile pc=0x000002c4a7d2ad70 method=org.jetbrains.kotlin.types.checker.ClassicTypeSystemContext$DefaultImpls.getPrimitiveType(Lorg/jetbrains/kotlin/types/checker/ClassicTypeSystemCont
Event: 21.187 Thread 0x000002c49c83a180 DEOPT PACKING pc=0x000002c4a7d2ad70 sp=0x000000ed287f94c0
Event: 21.187 Thread 0x000002c49c83a180 DEOPT UNPACKING pc=0x000002c4a73169a3 sp=0x000000ed287f93a8 mode 2
Event: 21.210 Thread 0x000002c49c83a180 Uncommon trap: trap_request=0xffffffc6 fr.pc=0x000002c4a7d5cb0c relative=0x000000000000072c
Event: 21.210 Thread 0x000002c49c83a180 Uncommon trap: reason=bimorphic_or_optimized_type_check action=maybe_recompile pc=0x000002c4a7d5cb0c method=org.jetbrains.kotlin.ir.types.IrTypeSystemContext$DefaultImpls.getNameForClassUnderKotlinPackage(Lorg/jetbrains/kotlin/ir/types/IrTypeSystemContext
Event: 21.210 Thread 0x000002c49c83a180 DEOPT PACKING pc=0x000002c4a7d5cb0c sp=0x000000ed287f8b40
Event: 21.210 Thread 0x000002c49c83a180 DEOPT UNPACKING pc=0x000002c4a73169a3 sp=0x000000ed287f8af0 mode 2
Event: 21.210 Thread 0x000002c49c83a180 Uncommon trap: trap_request=0xffffffc6 fr.pc=0x000002c4a7d5cb0c relative=0x000000000000072c
Event: 21.210 Thread 0x000002c49c83a180 Uncommon trap: reason=bimorphic_or_optimized_type_check action=maybe_recompile pc=0x000002c4a7d5cb0c method=org.jetbrains.kotlin.ir.types.IrTypeSystemContext$DefaultImpls.getNameForClassUnderKotlinPackage(Lorg/jetbrains/kotlin/ir/types/IrTypeSystemContext
Event: 21.210 Thread 0x000002c49c83a180 DEOPT PACKING pc=0x000002c4a7d5cb0c sp=0x000000ed287f8b40
Event: 21.210 Thread 0x000002c49c83a180 DEOPT UNPACKING pc=0x000002c4a73169a3 sp=0x000000ed287f8af0 mode 2
Event: 21.315 Thread 0x000002c49c83a180 Uncommon trap: trap_request=0xffffffc6 fr.pc=0x000002c4a7dae6ac relative=0x000000000000284c
Event: 21.315 Thread 0x000002c49c83a180 Uncommon trap: reason=bimorphic_or_optimized_type_check action=maybe_recompile pc=0x000002c4a7dae6ac method=org.jetbrains.org.objectweb.asm.tree.analysis.Frame.execute(Lorg/jetbrains/org/objectweb/asm/tree/AbstractInsnNode;Lorg/jetbrains/org/objectweb/asm
Event: 21.315 Thread 0x000002c49c83a180 DEOPT PACKING pc=0x000002c4a7dae6ac sp=0x000000ed287fafd0
Event: 21.315 Thread 0x000002c49c83a180 DEOPT UNPACKING pc=0x000002c4a73169a3 sp=0x000000ed287faf90 mode 2
Event: 21.323 Thread 0x000002c49c83a180 Uncommon trap: trap_request=0xffffff45 fr.pc=0x000002c4a79bc0e0 relative=0x0000000000000680
Event: 21.323 Thread 0x000002c49c83a180 Uncommon trap: reason=unstable_if action=reinterpret pc=0x000002c4a79bc0e0 method=org.jetbrains.kotlin.protobuf.GeneratedMessageLite$ExtendableMessage$ExtensionWriter.writeUntil(ILorg/jetbrains/kotlin/protobuf/CodedOutputStream;)V @ 109 c2
Event: 21.323 Thread 0x000002c49c83a180 DEOPT PACKING pc=0x000002c4a79bc0e0 sp=0x000000ed287fb230
Event: 21.323 Thread 0x000002c49c83a180 DEOPT UNPACKING pc=0x000002c4a73169a3 sp=0x000000ed287fb238 mode 2

Classes unloaded (0 events):
No events

Classes redefined (0 events):
No events

Internal exceptions (20 events):
Event: 10.008 Thread 0x000002c49c83a180 Exception <a 'java/lang/NoSuchMethodError'{0x000000008f2c2a48}: 'java.lang.Object java.lang.invoke.Invokers$Holder.linkToTargetMethod(java.lang.Object, java.lang.Object, java.lang.Object, java.lang.Object, java.lang.Object, java.lang.Object, java.lang.Object)'> (0x000000008f2c2a48) 
thrown [s\src\hotspot\share\interpreter\linkResolver.cpp, line 771]
Event: 10.168 Thread 0x000002c49c83a180 Exception <a 'java/lang/NoSuchMethodError'{0x000000008f016560}: 'java.lang.Object java.lang.invoke.DirectMethodHandle$Holder.invokeInterface(java.lang.Object, java.lang.Object, java.lang.Object)'> (0x000000008f016560) 
thrown [s\src\hotspot\share\interpreter\linkResolver.cpp, line 771]
Event: 10.170 Thread 0x000002c49c83a180 Exception <a 'java/lang/IncompatibleClassChangeError'{0x000000008f01a970}: Found class java.lang.Object, but interface was expected> (0x000000008f01a970) 
thrown [s\src\hotspot\share\interpreter\linkResolver.cpp, line 838]
Event: 10.490 Thread 0x000002c49c83a180 Implicit null exception at 0x000002c4a795d689 to 0x000002c4a795d770
Event: 10.490 Thread 0x000002c49c83a180 Implicit null exception at 0x000002c4a78c26d8 to 0x000002c4a78c276a
Event: 10.616 Thread 0x000002c49c83a180 Implicit null exception at 0x000002c4a7ae523c to 0x000002c4a7ae5afc
Event: 10.874 Thread 0x000002c49c83a180 Exception <a 'java/lang/NoSuchMethodError'{0x000000008fe64030}: 'int java.lang.invoke.DirectMethodHandle$Holder.invokeStaticInit(java.lang.Object, int)'> (0x000000008fe64030) 
thrown [s\src\hotspot\share\interpreter\linkResolver.cpp, line 771]
Event: 11.834 Thread 0x000002c49c83a180 Exception <a 'java/lang/NoSuchMethodError'{0x000000008fd74020}: 'java.lang.Object java.lang.invoke.DirectMethodHandle$Holder.newInvokeSpecial(java.lang.Object, int, java.lang.Object)'> (0x000000008fd74020) 
thrown [s\src\hotspot\share\interpreter\linkResolver.cpp, line 771]
Event: 11.837 Thread 0x000002c49c83a180 Exception <a 'java/lang/NoSuchMethodError'{0x000000008fd7ac10}: 'int java.lang.invoke.DirectMethodHandle$Holder.invokeInterface(java.lang.Object, java.lang.Object)'> (0x000000008fd7ac10) 
thrown [s\src\hotspot\share\interpreter\linkResolver.cpp, line 771]
Event: 12.248 Thread 0x000002c49c83a180 Exception <a 'java/lang/NoSuchMethodError'{0x000000008f4e2ef8}: 'java.lang.Object java.lang.invoke.DirectMethodHandle$Holder.invokeStatic(java.lang.Object, int, java.lang.Object)'> (0x000000008f4e2ef8) 
thrown [s\src\hotspot\share\interpreter\linkResolver.cpp, line 771]
Event: 13.860 Thread 0x000002c49c83a180 Implicit null exception at 0x000002c4a7b04eb4 to 0x000002c4a7b04f41
Event: 14.098 Thread 0x000002c49c83a180 Implicit null exception at 0x000002c4a78fb50c to 0x000002c4a78fb774
Event: 14.872 Thread 0x000002c49c83a180 Exception <a 'java/lang/NoSuchMethodError'{0x00000000902288e8}: 'java.lang.Object java.lang.invoke.DirectMethodHandle$Holder.newInvokeSpecial(java.lang.Object, java.lang.Object, java.lang.Object, int, int)'> (0x00000000902288e8) 
thrown [s\src\hotspot\share\interpreter\linkResolver.cpp, line 771]
Event: 14.873 Thread 0x000002c49c83a180 Exception <a 'java/lang/NoSuchMethodError'{0x000000009022c728}: 'java.lang.Object java.lang.invoke.DirectMethodHandle$Holder.invokeSpecial(java.lang.Object, java.lang.Object, java.lang.Object, java.lang.Object, int, int)'> (0x000000009022c728) 
thrown [s\src\hotspot\share\interpreter\linkResolver.cpp, line 771]
Event: 15.264 Thread 0x000002c49c83a180 Implicit null exception at 0x000002c4a78c9d90 to 0x000002c4a78ca048
Event: 15.542 Thread 0x000002c49c83a180 Exception <a 'java/lang/NoSuchMethodError'{0x000000009270b7e8}: 'java.lang.Object java.lang.invoke.DirectMethodHandle$Holder.newInvokeSpecial(java.lang.Object, java.lang.Object, int, int, java.lang.Object, java.lang.Object, java.lang.Object)'> (0x000000009270b7e8) 
thrown [s\src\hotspot\share\interpreter\linkResolver.cpp, line 771]
Event: 15.543 Thread 0x000002c49c83a180 Exception <a 'java/lang/NoSuchMethodError'{0x0000000092710128}: 'java.lang.Object java.lang.invoke.DirectMethodHandle$Holder.invokeSpecial(java.lang.Object, java.lang.Object, java.lang.Object, int, int, java.lang.Object, java.lang.Object, java.lang.Object)'> (0x0000000092710128) 
thrown [s\src\hotspot\share\interpreter\linkResolver.cpp, line 771]
Event: 15.661 Thread 0x000002c49c83a180 Exception <a 'java/lang/NoSuchMethodError'{0x000000009263c980}: 'java.lang.Object java.lang.invoke.DirectMethodHandle$Holder.invokeSpecial(java.lang.Object, java.lang.Object, int, int, java.lang.Object, java.lang.Object, java.lang.Object, java.lang.Object, java.lang.Object)'> (0x000000009263c980) 
thrown [s\src\hotspot\share\interpreter\linkResolver.cpp, line 771]
Event: 15.669 Thread 0x000002c49c83a180 Exception <a 'java/lang/NoSuchMethodError'{0x0000000092661188}: 'java.lang.Object java.lang.invoke.DirectMethodHandle$Holder.newInvokeSpecial(java.lang.Object, int, java.lang.Object, java.lang.Object)'> (0x0000000092661188) 
thrown [s\src\hotspot\share\interpreter\linkResolver.cpp, line 771]
Event: 19.383 Thread 0x000002c49c83a180 Implicit null exception at 0x000002c4a78d1036 to 0x000002c4a78d1256

VM Operations (20 events):
Event: 20.760 Executing VM operation: HandshakeAllThreads
Event: 20.760 Executing VM operation: HandshakeAllThreads done
Event: 20.764 Executing VM operation: HandshakeAllThreads
Event: 20.764 Executing VM operation: HandshakeAllThreads done
Event: 20.784 Executing VM operation: ICBufferFull
Event: 20.785 Executing VM operation: ICBufferFull done
Event: 20.829 Executing VM operation: HandshakeAllThreads
Event: 20.829 Executing VM operation: HandshakeAllThreads done
Event: 20.831 Executing VM operation: HandshakeAllThreads
Event: 20.831 Executing VM operation: HandshakeAllThreads done
Event: 20.897 Executing VM operation: HandshakeAllThreads
Event: 20.897 Executing VM operation: HandshakeAllThreads done
Event: 20.970 Executing VM operation: ICBufferFull
Event: 20.971 Executing VM operation: ICBufferFull done
Event: 21.020 Executing VM operation: HandshakeAllThreads
Event: 21.020 Executing VM operation: HandshakeAllThreads done
Event: 21.208 Executing VM operation: HandshakeAllThreads
Event: 21.208 Executing VM operation: HandshakeAllThreads done
Event: 21.239 Executing VM operation: ICBufferFull
Event: 21.240 Executing VM operation: ICBufferFull done

Events (20 events):
Event: 18.796 Thread 0x000002c4b68ac750 flushing nmethod 0x000002c4a1715210
Event: 18.796 Thread 0x000002c4b68ac750 flushing nmethod 0x000002c4a1734590
Event: 18.796 Thread 0x000002c4b68ac750 flushing nmethod 0x000002c4a1736310
Event: 20.082 Thread 0x000002c4bb84ab00 Thread exited: 0x000002c4bb84ab00
Event: 20.082 Thread 0x000002c4bd5ba940 Thread exited: 0x000002c4bd5ba940
Event: 20.158 Thread 0x000002c4bb84cae0 Thread added: 0x000002c4bb84cae0
Event: 20.161 Thread 0x000002c4bb84e570 Thread added: 0x000002c4bb84e570
Event: 20.344 loading class java/util/Vector$Itr
Event: 20.345 loading class java/util/Vector$Itr done
Event: 20.902 Thread 0x000002c4b68ac750 flushing nmethod 0x000002c4a7d1bc90
Event: 20.902 Thread 0x000002c4b68ac750 flushing nmethod 0x000002c4a7d1d810
Event: 20.902 Thread 0x000002c4b68ac750 flushing nmethod 0x000002c49fd9e990
Event: 20.931 Thread 0x000002c4b68ac750 flushing nmethod 0x000002c4a1050610
Event: 20.935 Thread 0x000002c4b68ac750 flushing nmethod 0x000002c4a12fc410
Event: 20.935 Thread 0x000002c4b68ac750 flushing nmethod 0x000002c4a1301110
Event: 20.936 Thread 0x000002c4b68ac750 flushing nmethod 0x000002c4a1451590
Event: 20.936 Thread 0x000002c4b68ac750 flushing nmethod 0x000002c4a1452f10
Event: 20.939 Thread 0x000002c4b68ac750 flushing nmethod 0x000002c4a16ade90
Event: 20.939 Thread 0x000002c4b68ac750 flushing nmethod 0x000002c4a16f2110
Event: 20.939 Thread 0x000002c4b68ac750 flushing nmethod 0x000002c4a16f3a90


Dynamic libraries:
0x00007ff61f790000 - 0x00007ff61f79a000 	C:\Users\richy\Music\MOBile Class\jbr\bin\java.exe
0x00007ffeb0ba0000 - 0x00007ffeb0e03000 	C:\WINDOWS\SYSTEM32\ntdll.dll
0x00007ffeaf130000 - 0x00007ffeaf1f8000 	C:\WINDOWS\System32\KERNEL32.DLL
0x00007ffeae650000 - 0x00007ffeaea01000 	C:\WINDOWS\System32\KERNELBASE.dll
0x00007ffeae060000 - 0x00007ffeae1ab000 	C:\WINDOWS\System32\ucrtbase.dll
0x00007ffe65210000 - 0x00007ffe6522b000 	C:\Users\richy\Music\MOBile Class\jbr\bin\VCRUNTIME140.dll
0x00007ffe990e0000 - 0x00007ffe990f7000 	C:\Users\richy\Music\MOBile Class\jbr\bin\jli.dll
0x00007ffeaef60000 - 0x00007ffeaf128000 	C:\WINDOWS\System32\USER32.dll
0x00007ffe92120000 - 0x00007ffe923b0000 	C:\WINDOWS\WinSxS\amd64_microsoft.windows.common-controls_6595b64144ccf1df_6.0.26100.2161_none_3e0cadb0e33078e1\COMCTL32.dll
0x00007ffeadf90000 - 0x00007ffeadfb7000 	C:\WINDOWS\System32\win32u.dll
0x00007ffeb0200000 - 0x00007ffeb02a9000 	C:\WINDOWS\System32\msvcrt.dll
0x00007ffeb0400000 - 0x00007ffeb042a000 	C:\WINDOWS\System32\GDI32.dll
0x00007ffeae3a0000 - 0x00007ffeae4c5000 	C:\WINDOWS\System32\gdi32full.dll
0x00007ffeae1b0000 - 0x00007ffeae253000 	C:\WINDOWS\System32\msvcp_win.dll
0x00007ffeb0aa0000 - 0x00007ffeb0acf000 	C:\WINDOWS\System32\IMM32.DLL
0x00007ffe1d320000 - 0x00007ffe1d32c000 	C:\Users\richy\Music\MOBile Class\jbr\bin\vcruntime140_1.dll
0x00007ffdf89d0000 - 0x00007ffdf8a5d000 	C:\Users\richy\Music\MOBile Class\jbr\bin\msvcp140.dll
0x00007ffe0d1f0000 - 0x00007ffe0de73000 	C:\Users\richy\Music\MOBile Class\jbr\bin\server\jvm.dll
0x00007ffeaea10000 - 0x00007ffeaeac4000 	C:\WINDOWS\System32\ADVAPI32.dll
0x00007ffeb0110000 - 0x00007ffeb01b6000 	C:\WINDOWS\System32\sechost.dll
0x00007ffeb0590000 - 0x00007ffeb06a6000 	C:\WINDOWS\System32\RPCRT4.dll
0x00007ffeadc70000 - 0x00007ffeadcbe000 	C:\WINDOWS\SYSTEM32\POWRPROF.dll
0x00007ffe76ba0000 - 0x00007ffe76baa000 	C:\WINDOWS\SYSTEM32\WSOCK32.dll
0x00007ffea3ec0000 - 0x00007ffea3ef6000 	C:\WINDOWS\SYSTEM32\WINMM.dll
0x00007ffea3f00000 - 0x00007ffea3f0b000 	C:\WINDOWS\SYSTEM32\VERSION.dll
0x00007ffeafef0000 - 0x00007ffeaff64000 	C:\WINDOWS\System32\WS2_32.dll
0x00007ffeadc50000 - 0x00007ffeadc64000 	C:\WINDOWS\SYSTEM32\UMPDC.dll
0x00007ffeacde0000 - 0x00007ffeacdfa000 	C:\WINDOWS\SYSTEM32\kernel.appcore.dll
0x00007ffe76ad0000 - 0x00007ffe76ada000 	C:\Users\richy\Music\MOBile Class\jbr\bin\jimage.dll
0x00007ffeaba00000 - 0x00007ffeabc41000 	C:\WINDOWS\SYSTEM32\DBGHELP.DLL
0x00007ffeb06b0000 - 0x00007ffeb0a2d000 	C:\WINDOWS\System32\combase.dll
0x00007ffeaf5b0000 - 0x00007ffeaf686000 	C:\WINDOWS\System32\OLEAUT32.dll
0x00007ffe93fc0000 - 0x00007ffe93ff9000 	C:\WINDOWS\SYSTEM32\dbgcore.DLL
0x00007ffeadfc0000 - 0x00007ffeae059000 	C:\WINDOWS\System32\bcryptPrimitives.dll
0x00007ffe6a000000 - 0x00007ffe6a025000 	C:\Users\richy\Music\MOBile Class\jbr\bin\java.dll
0x00007ffe76790000 - 0x00007ffe767a8000 	C:\Users\richy\Music\MOBile Class\jbr\bin\zip.dll
0x00007ffeaf770000 - 0x00007ffeafe6f000 	C:\WINDOWS\System32\SHELL32.dll
0x00007ffeabcc0000 - 0x00007ffeac4ed000 	C:\WINDOWS\SYSTEM32\windows.storage.dll
0x00007ffeaf690000 - 0x00007ffeaf763000 	C:\WINDOWS\System32\SHCORE.dll
0x00007ffeb0a30000 - 0x00007ffeb0a8d000 	C:\WINDOWS\System32\shlwapi.dll
0x00007ffeadea0000 - 0x00007ffeadece000 	C:\WINDOWS\SYSTEM32\profapi.dll
0x00007ffe75a30000 - 0x00007ffe75a49000 	C:\Users\richy\Music\MOBile Class\jbr\bin\net.dll
0x00007ffea9380000 - 0x00007ffea94a6000 	C:\WINDOWS\SYSTEM32\WINHTTP.dll
0x00007ffead2e0000 - 0x00007ffead348000 	C:\WINDOWS\system32\mswsock.dll
0x00007ffe748f0000 - 0x00007ffe74906000 	C:\Users\richy\Music\MOBile Class\jbr\bin\nio.dll
0x00007ffe99110000 - 0x00007ffe99120000 	C:\Users\richy\Music\MOBile Class\jbr\bin\verify.dll

dbghelp: loaded successfully - version: 4.0.5 - missing functions: none
symbol engine: initialized successfully - sym options: 0x614 - pdb path: .;C:\Users\richy\Music\MOBile Class\jbr\bin;C:\WINDOWS\SYSTEM32;C:\WINDOWS\WinSxS\amd64_microsoft.windows.common-controls_6595b64144ccf1df_6.0.26100.2161_none_3e0cadb0e33078e1;C:\Users\richy\Music\MOBile Class\jbr\bin\server

VM Arguments:
java_command: org.jetbrains.kotlin.cli.jvm.K2JVMCompiler @C:\Users\richy\AndroidStudioProjects\Darragh_Richy_CA3\app\build\20241204_3213528511810129810.compiler.options
java_class_path (initial): C:\Users\richy\.gradle\caches\modules-2\files-2.1\org.jetbrains.kotlin\kotlin-compiler-embeddable\1.9.0\2c8c3a7402becca891f12739b3e9fd2dc2adbd7a\kotlin-compiler-embeddable-1.9.0.jar;C:\Users\richy\.gradle\caches\modules-2\files-2.1\org.jetbrains.kotlin\kotlin-stdlib\1.9.0\8ee15ef0c67dc83d874f412d84378d7f0eb50b63\kotlin-stdlib-1.9.0.jar;C:\Users\richy\.gradle\caches\modules-2\files-2.1\org.jetbrains.kotlin\kotlin-script-runtime\1.9.0\4b3102cbbb7e1b58d9d1adf89563f00069ffa7d1\kotlin-script-runtime-1.9.0.jar;C:\Users\richy\.gradle\caches\modules-2\files-2.1\org.jetbrains.kotlin\kotlin-reflect\1.6.10\1cbe9c92c12a94eea200d23c2bbaedaf3daf5132\kotlin-reflect-1.6.10.jar;C:\Users\richy\.gradle\caches\modules-2\files-2.1\org.jetbrains.kotlin\kotlin-daemon-embeddable\1.9.0\186543f5e28cf8d9a0290fecc2cf34301c40a65c\kotlin-daemon-embeddable-1.9.0.jar;C:\Users\richy\.gradle\caches\modules-2\files-2.1\org.jetbrains.intellij.deps\trove4j\1.0.20200330\3afb14d5f9ceb459d724e907a21145e8ff394f02\trove4j-1.0.20200330.jar;C:\Users\richy\.gradle\caches\modules-2\files-2.1\org.jetbrains.kotlin\kotlin-stdlib-common\1.9.0\cd65c21cfd1eec4d44ef09f9f52b6d9f8a720636\kotlin-stdlib-common-1.9.0.jar;C:\Users\richy\.gradle\caches\modules-2\files-2.1\org.jetbrains\annotations\13.0\919f0dfe192fb4e063e7dacadee7f8bb9a2672a9\annotations-13.0.jar
Launcher Type: SUN_STANDARD

[Global flags]
     intx CICompilerCount                          = 4                                         {product} {ergonomic}
     uint ConcGCThreads                            = 2                                         {product} {ergonomic}
     uint G1ConcRefinementThreads                  = 8                                         {product} {ergonomic}
   size_t G1HeapRegionSize                         = 1048576                                   {product} {ergonomic}
    uintx GCDrainStackTargetSize                   = 64                                        {product} {ergonomic}
   size_t InitialHeapSize                          = 123731968                                 {product} {ergonomic}
   size_t MarkStackSize                            = 4194304                                   {product} {ergonomic}
   size_t MaxHeapSize                              = 1967128576                                {product} {ergonomic}
   size_t MaxNewSize                               = 1179648000                                {product} {ergonomic}
   size_t MinHeapDeltaBytes                        = 1048576                                   {product} {ergonomic}
   size_t MinHeapSize                              = 8388608                                   {product} {ergonomic}
    uintx NonNMethodCodeHeapSize                   = 5839372                                {pd product} {ergonomic}
    uintx NonProfiledCodeHeapSize                  = 122909434                              {pd product} {ergonomic}
    uintx ProfiledCodeHeapSize                     = 122909434                              {pd product} {ergonomic}
    uintx ReservedCodeCacheSize                    = 251658240                              {pd product} {ergonomic}
     bool SegmentedCodeCache                       = true                                      {product} {ergonomic}
   size_t SoftMaxHeapSize                          = 1967128576                             {manageable} {ergonomic}
     bool UseCompressedClassPointers               = true                           {product lp64_product} {ergonomic}
     bool UseCompressedOops                        = true                           {product lp64_product} {ergonomic}
     bool UseG1GC                                  = true                                      {product} {ergonomic}
     bool UseLargePagesIndividualAllocation        = false                                  {pd product} {ergonomic}

Logging:
Log output configuration:
 #0: stdout all=warning uptime,level,tags
 #1: stderr all=off uptime,level,tags

Environment Variables:
PATH=C:\Program Files\Common Files\Oracle\Java\javapath;C:\Program Files (x86)\Common Files\Oracle\Java\javapath;C:\WINDOWS\system32;C:\WINDOWS;C:\WINDOWS\System32\Wbem;C:\WINDOWS\System32\WindowsPowerShell\v1.0\;C:\WINDOWS\System32\OpenSSH\;C:\Program Files (x86)\Wolfram Research\WolframScript\;C:\Program Files\Git\cmd;c:\nodejs_projects";C:\Program Files\nodejs;C:\xampp\php;C:\Users\richy\AppData\Roaming\Composer\vendor\bin;C:\ProgramData\ComposerSetup\bin;C:\Program Files (x86)\Windows Kits\10\Windows Performance Toolkit\;C:\Program Files\PuTTY\;C:\Program Files\nodejs\;C:\Ruby32-x64\bin;C:\Users\richy\AppData\Local\Microsoft\WindowsApps;C:\Users\richy\AppData\Local\Programs\Microsoft VS Code\bin;C:\Users\richy\AppData\Roaming\nvm;C:\Program Files\nodejs;C:\xampp\php;C:\Users\richy\AppData\Roaming\Composer\vendor\bin;C:\composer;C:\ProgramData\ComposerSetup\bin;C:\Users\richy\AppData\Local\GitHubDesktop\bin;C:\Users\richy\AppData\Roaming\npm;
USERNAME=richy
OS=Windows_NT
PROCESSOR_IDENTIFIER=AMD64 Family 23 Model 104 Stepping 1, AuthenticAMD
TMP=C:\Users\richy\AppData\Local\Temp
TEMP=C:\Users\richy\AppData\Local\Temp



Periodic native trim disabled

JNI global refs:
JNI global refs: 13, weak refs: 14

JNI global refs memory usage: 843, weak refs: 841

Process memory usage:
Resident Set Size: 385112K (5% of 7682456K total physical memory with 805136K free physical memory)

OOME stack traces (most recent first):
Classloader memory used:
Loader jdk.internal.loader.ClassLoaders$AppClassLoader                                 : 9087K
Loader bootstrap                                                                       : 1443K
Loader java.net.URLClassLoader                                                         : 249K
Loader jdk.internal.reflect.DelegatingClassLoader                                      : 15908B


---------------  S Y S T E M  ---------------

OS:
 Windows 11 , 64 bit Build 26100 (10.0.26100.2161)
OS uptime: 0 days 3:32 hours
Hyper-V role detected

CPU: total 8 (initial active 8) (8 cores per cpu, 2 threads per core) family 23 model 104 stepping 1 microcode 0x8608104, cx8, cmov, fxsr, ht, mmx, 3dnowpref, sse, sse2, sse3, ssse3, sse4a, sse4.1, sse4.2, popcnt, lzcnt, tsc, tscinvbit, avx, avx2, aes, clmul, bmi1, bmi2, adx, sha, fma, vzeroupper, clflush, clflushopt, hv
Processor Information for all 8 processors :
  Max Mhz: 2600, Current Mhz: 1896, Mhz Limit: 2600

Memory: 4k page, system-wide physical 7502M (794M free)
TotalPageFile size 18297M (AvailPageFile size 40M)
current process WorkingSet (physical memory assigned to process): 374M, peak: 376M
current process commit charge ("private bytes"): 411M, peak: 414M

vm_info: OpenJDK 64-Bit Server VM (17.0.11+0--11852314) for windows-amd64 JRE (17.0.11+0--11852314), built on May 16 2024 21:29:20 by "androidbuild" with MS VC++ 16.10 / 16.11 (VS2019)

END.
